Info) VMD for LINUXAMD64, version 1.9.3 (November 30, 2016)
Info) http://www.ks.uiuc.edu/Research/vmd/                         
Info) Email questions and bug reports to vmd@ks.uiuc.edu           
Info) Please include this reference in published work using VMD:   
Info)    Humphrey, W., Dalke, A. and Schulten, K., `VMD - Visual   
Info)    Molecular Dynamics', J. Molec. Graphics 1996, 14.1, 33-38.
Info) -------------------------------------------------------------
Info) Multithreading available, 48 CPUs detected.
Info)   CPU features: SSE2 AVX AVX2 FMA 
Info) Free system memory: 101GB (80%)
Info) No CUDA accelerator devices available.
Info) Dynamically loaded 2 plugins in directory:
Info) /beegfs/DATA/mobley/limvt/local/vmd/lib/vmd/plugins/LINUXAMD64/molfile
Info) File loading in progress, please wait.
Info) Using plugin pdb for structure file gbi-neutral.pdb
Info) Using plugin pdb for coordinates from file gbi-neutral.pdb
Info) Determining bond structure from distance search ...
Info) Finished with coordinate file gbi-neutral.pdb.
Info) Analyzing structure ...
Info)    Atoms: 22
Info)    Bonds: 23
Info)    Angles: 0  Dihedrals: 0  Impropers: 0  Cross-terms: 0
Info)    Bondtypes: 0  Angletypes: 0  Dihedraltypes: 0  Impropertypes: 0
Info)    Residues: 1
Info)    Waters: 0
Info)    Segments: 1
Info)    Fragments: 1   Protein: 0   Nucleic: 0
/beegfs/DATA/mobley/limvt/local/vmd/lib/vmd/scripts/tcl8.5 /beegfs/DATA/mobley/limvt/local/vmd/lib/vmd/scripts /beegfs/DATA/mobley/limvt/local/vmd/lib/lib /Projects/johns/tcl/8.5.6/lib_LINUXAMD64/lib /beegfs/DATA/mobley/limvt/local/vmd/lib/vmd/scripts/vmd /beegfs/DATA/mobley/limvt/local/vmd/lib/vmd/plugins/LINUXAMD64/tcl /beegfs/DATA/mobley/limvt/local/vmd/lib/vmd/plugins/noarch/tcl /DFS-L/DATA/mobley/limvt/tempotools/libs
/usr/bin/mkdir: cannot create directory ‘temp’: File exists
child process exited abnormally
GBIN
Info) Opened coordinate file ./temp/GBIN.pdb for writing.
Info) Finished with coordinate file ./temp/GBIN.pdb.
1.6.4
psfgen) reading topology file /DFS-L/DATA/mobley/limvt/toppar/cgenff4.0/top_all36_cgenff.rtf

psfgen)   --------------------------------------------------------------------------  *
psfgen)           CGenFF: Topology for the Charmm General Force Field v. 4.0          *
psfgen)                     for Small Molecule Drug Design                            *
psfgen)   --------------------------------------------------------------------------  *
psfgen) 
psfgen) Created by CHARMM version 36 1
psfgen) ERROR!  Failed to parse autogenerate statement.  Line 253: AUTO ANGLES DIHE PATCH DRUDE

psfgen) ERROR!  Failed to parse autogenerate statement.  Line 253: AUTO ANGLES DIHE PATCH DRUDE

psfgen) reading topology file ../../cgenff/gbi-neutral-02.str

psfgen)  Toppar stream file generated by
psfgen)  CHARMM General Force Field (CGenFF) program version 2.2.0
psfgen)  For use with CGenFF version 4.0
psfgen)  VTL modifications from CGenFF, 12-11-18
psfgen) reading topology from stream file
psfgen)  Topologies generated by
psfgen)  CHARMM General Force Field (CGenFF) program version 2.2.0
psfgen) 
psfgen) Created by CHARMM version 36 1
psfgen) skipping parameters in stream file
psfgen)  Parameters generated by analogy by
psfgen)  CHARMM General Force Field (CGenFF) program version 2.2.0
psfgen) 
psfgen) building segment GBIN
psfgen) reading residues from pdb file ./temp/GBIN.pdb
psfgen) extracted 1 residues from pdb file
psfgen) Info: generating structure...segment complete.
psfgen) reading coordinates from pdb file ./temp/GBIN.pdb
psfgen) Info: guessing coordinates for 0 atoms (0 non-hydrogen)
psfgen) Info: writing psf file gbin_psfgen.psf
psfgen) total of 22 atoms
psfgen) total of 23 bonds
psfgen) total of 35 angles
psfgen) total of 50 dihedrals
psfgen) total of 2 impropers
psfgen) total of 0 explicit exclusions
psfgen) Structure requires EXTended PSF format
psfgen) total of 0 cross-terms
psfgen) Info: psf file complete.
psfgen) Info: writing pdb file gbin_psfgen.pdb
psfgen) Info: pdb file complete.
Info) VMD for LINUXAMD64, version 1.9.3 (November 30, 2016)
Info) Exiting normally.
vmd > 